# JRE version: OpenJDK Runtime Environment (8.0_242-b01) (build 1.8.0_242-release-1644-b01)
# Java VM: OpenJDK 64-Bit Server VM (25.242-b01 mixed mode windows-amd64 compressed oops)
Heap:
 PSYoungGen      total 311296K, used 150718K [0x00000000d5580000, 0x00000000ef000000, 0x0000000100000000)
  eden space 282112K, 43% used [0x00000000d5580000,0x00000000dcc34528,0x00000000e6900000)
  from space 29184K, 99% used [0x00000000e6900000,0x00000000e857b338,0x00000000e8580000)
  to   space 42496K, 0% used [0x00000000ec680000,0x00000000ec680000,0x00000000ef000000)
 ParOldGen       total 162816K, used 97237K [0x0000000080000000, 0x0000000089f00000, 0x00000000d5580000)
  object space 162816K, 59% used [0x0000000080000000,0x0000000085ef5530,0x0000000089f00000)
 Metaspace       used 93058K, capacity 97690K, committed 97944K, reserved 1134592K
  class space    used 12219K, capacity 13201K, committed 13224K, reserved 1048576K
GC Heap History (10 events):
Event: 10.967 GC heap before
{Heap before GC invocations=14 (full 3):
 PSYoungGen      total 212480K, used 15598K [0x00000000d5580000, 0x00000000e6e00000, 0x0000000100000000)
  eden space 193536K, 0% used [0x00000000d5580000,0x00000000d5580000,0x00000000e1280000)
  from space 18944K, 82% used [0x00000000e1280000,0x00000000e21bbb80,0x00000000e2500000)
  to   space 19968K, 0% used [0x00000000e5a80000,0x00000000e5a80000,0x00000000e6e00000)
 ParOldGen       total 100864K, used 29861K [0x0000000080000000, 0x0000000086280000, 0x00000000d5580000)
  object space 100864K, 29% used [0x0000000080000000,0x0000000081d295a8,0x0000000086280000)
 Metaspace       used 56851K, capacity 59120K, committed 59160K, reserved 1099776K
  class space    used 7763K, capacity 8227K, committed 8232K, reserved 1048576K
Event: 11.275 GC heap after
Heap after GC invocations=14 (full 3):
 PSYoungGen      total 212480K, used 0K [0x00000000d5580000, 0x00000000e6e00000, 0x0000000100000000)
  eden space 193536K, 0% used [0x00000000d5580000,0x00000000d5580000,0x00000000e1280000)
  from space 18944K, 0% used [0x00000000e1280000,0x00000000e1280000,0x00000000e2500000)
  to   space 19968K, 0% used [0x00000000e5a80000,0x00000000e5a80000,0x00000000e6e00000)
 ParOldGen       total 162816K, used 41480K [0x0000000080000000, 0x0000000089f00000, 0x00000000d5580000)
  object space 162816K, 25% used [0x0000000080000000,0x0000000082882248,0x0000000089f00000)
 Metaspace       used 56845K, capacity 59102K, committed 59160K, reserved 1099776K
  class space    used 7762K, capacity 8224K, committed 8232K, reserved 1048576K
}
Event: 96.336 GC heap before
{Heap before GC invocations=15 (full 3):
 PSYoungGen      total 212480K, used 193536K [0x00000000d5580000, 0x00000000e6e00000, 0x0000000100000000)
  eden space 193536K, 100% used [0x00000000d5580000,0x00000000e1280000,0x00000000e1280000)
  from space 18944K, 0% used [0x00000000e1280000,0x00000000e1280000,0x00000000e2500000)
  to   space 19968K, 0% used [0x00000000e5a80000,0x00000000e5a80000,0x00000000e6e00000)
 ParOldGen       total 162816K, used 41480K [0x0000000080000000, 0x0000000089f00000, 0x00000000d5580000)
  object space 162816K, 25% used [0x0000000080000000,0x0000000082882248,0x0000000089f00000)
 Metaspace       used 70978K, capacity 74272K, committed 74520K, reserved 1114112K
  class space    used 9578K, capacity 10215K, committed 10280K, reserved 1048576K
Event: 96.419 GC heap after
Heap after GC invocations=15 (full 3):
 PSYoungGen      total 255488K, used 19942K [0x00000000d5580000, 0x00000000e6e00000, 0x0000000100000000)
  eden space 235520K, 0% used [0x00000000d5580000,0x00000000d5580000,0x00000000e3b80000)
  from space 19968K, 99% used [0x00000000e5a80000,0x00000000e6df9880,0x00000000e6e00000)
  to   space 23040K, 0% used [0x00000000e4100000,0x00000000e4100000,0x00000000e5780000)
 ParOldGen       total 162816K, used 42049K [0x0000000080000000, 0x0000000089f00000, 0x00000000d5580000)
  object space 162816K, 25% used [0x0000000080000000,0x0000000082910558,0x0000000089f00000)
 Metaspace       used 70978K, capacity 74272K, committed 74520K, reserved 1114112K
  class space    used 9578K, capacity 10215K, committed 10280K, reserved 1048576K
}
Event: 99.977 GC heap before
{Heap before GC invocations=16 (full 3):
 PSYoungGen      total 255488K, used 255462K [0x00000000d5580000, 0x00000000e6e00000, 0x0000000100000000)
  eden space 235520K, 100% used [0x00000000d5580000,0x00000000e3b80000,0x00000000e3b80000)
  from space 19968K, 99% used [0x00000000e5a80000,0x00000000e6df9880,0x00000000e6e00000)
  to   space 23040K, 0% used [0x00000000e4100000,0x00000000e4100000,0x00000000e5780000)
 ParOldGen       total 162816K, used 42049K [0x0000000080000000, 0x0000000089f00000, 0x00000000d5580000)
  object space 162816K, 25% used [0x0000000080000000,0x0000000082910558,0x0000000089f00000)
 Metaspace       used 82549K, capacity 86284K, committed 86552K, reserved 1124352K
  class space    used 11014K, capacity 11776K, committed 11816K, reserved 1048576K
Event: 100.018 GC heap after
Heap after GC invocations=16 (full 3):
 PSYoungGen      total 264192K, used 23034K [0x00000000d5580000, 0x00000000ea200000, 0x0000000100000000)
  eden space 241152K, 0% used [0x00000000d5580000,0x00000000d5580000,0x00000000e4100000)
  from space 23040K, 99% used [0x00000000e4100000,0x00000000e577eb10,0x00000000e5780000)
  to   space 29184K, 0% used [0x00000000e8580000,0x00000000e8580000,0x00000000ea200000)
 ParOldGen       total 162816K, used 50445K [0x0000000080000000, 0x0000000089f00000, 0x00000000d5580000)
  object space 162816K, 30% used [0x0000000080000000,0x0000000083143700,0x0000000089f00000)
 Metaspace       used 82549K, capacity 86284K, committed 86552K, reserved 1124352K
  class space    used 11014K, capacity 11776K, committed 11816K, reserved 1048576K
}
Event: 109.438 GC heap before
{Heap before GC invocations=17 (full 3):
 PSYoungGen      total 264192K, used 264186K [0x00000000d5580000, 0x00000000ea200000, 0x0000000100000000)
  eden space 241152K, 100% used [0x00000000d5580000,0x00000000e4100000,0x00000000e4100000)
  from space 23040K, 99% used [0x00000000e4100000,0x00000000e577eb10,0x00000000e5780000)
  to   space 29184K, 0% used [0x00000000e8580000,0x00000000e8580000,0x00000000ea200000)
 ParOldGen       total 162816K, used 50445K [0x0000000080000000, 0x0000000089f00000, 0x00000000d5580000)
  object space 162816K, 30% used [0x0000000080000000,0x0000000083143700,0x0000000089f00000)
 Metaspace       used 87985K, capacity 92364K, committed 92568K, reserved 1128448K
  class space    used 11688K, capacity 12612K, committed 12712K, reserved 1048576K
Event: 109.484 GC heap after
Heap after GC invocations=17 (full 3):
 PSYoungGen      total 311296K, used 17701K [0x00000000d5580000, 0x00000000ea280000, 0x0000000100000000)
  eden space 282112K, 0% used [0x00000000d5580000,0x00000000d5580000,0x00000000e6900000)
  from space 29184K, 60% used [0x00000000e8580000,0x00000000e96c94d8,0x00000000ea200000)
  to   space 29184K, 0% used [0x00000000e6900000,0x00000000e6900000,0x00000000e8580000)
 ParOldGen       total 162816K, used 72356K [0x0000000080000000, 0x0000000089f00000, 0x00000000d5580000)
  object space 162816K, 44% used [0x0000000080000000,0x00000000846a92e8,0x0000000089f00000)
 Metaspace       used 87985K, capacity 92364K, committed 92568K, reserved 1128448K
  class space    used 11688K, capacity 12612K, committed 12712K, reserved 1048576K
}
Event: 113.315 GC heap before
{Heap before GC invocations=18 (full 3):
 PSYoungGen      total 311296K, used 299813K [0x00000000d5580000, 0x00000000ea280000, 0x0000000100000000)
  eden space 282112K, 100% used [0x00000000d5580000,0x00000000e6900000,0x00000000e6900000)
  from space 29184K, 60% used [0x00000000e8580000,0x00000000e96c94d8,0x00000000ea200000)
  to   space 29184K, 0% used [0x00000000e6900000,0x00000000e6900000,0x00000000e8580000)
 ParOldGen       total 162816K, used 72356K [0x0000000080000000, 0x0000000089f00000, 0x00000000d5580000)
  object space 162816K, 44% used [0x0000000080000000,0x00000000846a92e8,0x0000000089f00000)
 Metaspace       used 89905K, capacity 94404K, committed 94488K, reserved 1130496K
  class space    used 11886K, capacity 12832K, committed 12840K, reserved 1048576K
Event: 113.418 GC heap after
Heap after GC invocations=18 (full 3):
 PSYoungGen      total 311296K, used 29164K [0x00000000d5580000, 0x00000000ef000000, 0x0000000100000000)
  eden space 282112K, 0% used [0x00000000d5580000,0x00000000d5580000,0x00000000e6900000)
  from space 29184K, 99% used [0x00000000e6900000,0x00000000e857b338,0x00000000e8580000)
  to   space 42496K, 0% used [0x00000000ec680000,0x00000000ec680000,0x00000000ef000000)
 ParOldGen       total 162816K, used 97237K [0x0000000080000000, 0x0000000089f00000, 0x00000000d5580000)
  object space 162816K, 59% used [0x0000000080000000,0x0000000085ef5530,0x0000000089f00000)
 Metaspace       used 89905K, capacity 94404K, committed 94488K, reserved 1130496K
  class space    used 11886K, capacity 12832K, committed 12840K, reserved 1048576K
}

