# JRE version: OpenJDK Runtime Environment (8.0_242-b01) (build 1.8.0_242-release-1644-b01)
# Java VM: OpenJDK 64-Bit Server VM (25.242-b01 mixed mode windows-amd64 compressed oops)
Heap:
 PSYoungGen      total 91648K, used 43173K [0x00000000d5580000, 0x00000000dc600000, 0x0000000100000000)
  eden space 86016K, 44% used [0x00000000d5580000,0x00000000d7a83100,0x00000000da980000)
  from space 5632K, 93% used [0x00000000dc080000,0x00000000dc5a6450,0x00000000dc600000)
  to   space 11264K, 0% used [0x00000000db000000,0x00000000db000000,0x00000000dbb00000)
 ParOldGen       total 69120K, used 6792K [0x0000000080000000, 0x0000000084380000, 0x00000000d5580000)
  object space 69120K, 9% used [0x0000000080000000,0x00000000806a2368,0x0000000084380000)
 Metaspace       used 30764K, capacity 31662K, committed 31792K, reserved 1077248K
  class space    used 4133K, capacity 4340K, committed 4400K, reserved 1048576K
GC Heap History (10 events):
Event: 4.156 GC heap before
{Heap before GC invocations=3 (full 0):
 PSYoungGen      total 57344K, used 55553K [0x00000000d5580000, 0x00000000d9580000, 0x0000000100000000)
  eden space 49152K, 100% used [0x00000000d5580000,0x00000000d8580000,0x00000000d8580000)
  from space 8192K, 78% used [0x00000000d8d80000,0x00000000d93c05e8,0x00000000d9580000)
  to   space 8192K, 0% used [0x00000000d8580000,0x00000000d8580000,0x00000000d8d80000)
 ParOldGen       total 131072K, used 24K [0x0000000080000000, 0x0000000088000000, 0x00000000d5580000)
  object space 131072K, 0% used [0x0000000080000000,0x0000000080006000,0x0000000088000000)
 Metaspace       used 16619K, capacity 17192K, committed 17280K, reserved 1064960K
  class space    used 2223K, capacity 2404K, committed 2432K, reserved 1048576K
Event: 4.177 GC heap after
Heap after GC invocations=3 (full 0):
 PSYoungGen      total 57344K, used 8184K [0x00000000d5580000, 0x00000000d9580000, 0x0000000100000000)
  eden space 49152K, 0% used [0x00000000d5580000,0x00000000d5580000,0x00000000d8580000)
  from space 8192K, 99% used [0x00000000d8580000,0x00000000d8d7e0d0,0x00000000d8d80000)
  to   space 8192K, 0% used [0x00000000d8d80000,0x00000000d8d80000,0x00000000d9580000)
 ParOldGen       total 131072K, used 837K [0x0000000080000000, 0x0000000088000000, 0x00000000d5580000)
  object space 131072K, 0% used [0x0000000080000000,0x00000000800d1650,0x0000000088000000)
 Metaspace       used 16619K, capacity 17192K, committed 17280K, reserved 1064960K
  class space    used 2223K, capacity 2404K, committed 2432K, reserved 1048576K
}
Event: 5.960 GC heap before
{Heap before GC invocations=4 (full 0):
 PSYoungGen      total 57344K, used 57336K [0x00000000d5580000, 0x00000000d9580000, 0x0000000100000000)
  eden space 49152K, 100% used [0x00000000d5580000,0x00000000d8580000,0x00000000d8580000)
  from space 8192K, 99% used [0x00000000d8580000,0x00000000d8d7e0d0,0x00000000d8d80000)
  to   space 8192K, 0% used [0x00000000d8d80000,0x00000000d8d80000,0x00000000d9580000)
 ParOldGen       total 131072K, used 837K [0x0000000080000000, 0x0000000088000000, 0x00000000d5580000)
  object space 131072K, 0% used [0x0000000080000000,0x00000000800d1650,0x0000000088000000)
 Metaspace       used 20403K, capacity 21140K, committed 21248K, reserved 1067008K
  class space    used 2843K, capacity 3048K, committed 3072K, reserved 1048576K
Event: 5.975 GC heap after
Heap after GC invocations=4 (full 0):
 PSYoungGen      total 57344K, used 8190K [0x00000000d5580000, 0x00000000d9580000, 0x0000000100000000)
  eden space 49152K, 0% used [0x00000000d5580000,0x00000000d5580000,0x00000000d8580000)
  from space 8192K, 99% used [0x00000000d8d80000,0x00000000d957fb30,0x00000000d9580000)
  to   space 8192K, 0% used [0x00000000d8580000,0x00000000d8580000,0x00000000d8d80000)
 ParOldGen       total 131072K, used 2872K [0x0000000080000000, 0x0000000088000000, 0x00000000d5580000)
  object space 131072K, 2% used [0x0000000080000000,0x00000000802ce3d8,0x0000000088000000)
 Metaspace       used 20403K, capacity 21140K, committed 21248K, reserved 1067008K
  class space    used 2843K, capacity 3048K, committed 3072K, reserved 1048576K
}
Event: 6.053 GC heap before
{Heap before GC invocations=5 (full 0):
 PSYoungGen      total 57344K, used 13201K [0x00000000d5580000, 0x00000000d9580000, 0x0000000100000000)
  eden space 49152K, 10% used [0x00000000d5580000,0x00000000d5a64b58,0x00000000d8580000)
  from space 8192K, 99% used [0x00000000d8d80000,0x00000000d957fb30,0x00000000d9580000)
  to   space 8192K, 0% used [0x00000000d8580000,0x00000000d8580000,0x00000000d8d80000)
 ParOldGen       total 131072K, used 2872K [0x0000000080000000, 0x0000000088000000, 0x00000000d5580000)
  object space 131072K, 2% used [0x0000000080000000,0x00000000802ce3d8,0x0000000088000000)
 Metaspace       used 20594K, capacity 21236K, committed 21296K, reserved 1067008K
  class space    used 2876K, capacity 3080K, committed 3120K, reserved 1048576K
Event: 6.062 GC heap after
Heap after GC invocations=5 (full 0):
 PSYoungGen      total 57344K, used 6884K [0x00000000d5580000, 0x00000000dcb80000, 0x0000000100000000)
  eden space 49152K, 0% used [0x00000000d5580000,0x00000000d5580000,0x00000000d8580000)
  from space 8192K, 84% used [0x00000000d8580000,0x00000000d8c39050,0x00000000d8d80000)
  to   space 11264K, 0% used [0x00000000dc080000,0x00000000dc080000,0x00000000dcb80000)
 ParOldGen       total 131072K, used 2880K [0x0000000080000000, 0x0000000088000000, 0x00000000d5580000)
  object space 131072K, 2% used [0x0000000080000000,0x00000000802d03d8,0x0000000088000000)
 Metaspace       used 20594K, capacity 21236K, committed 21296K, reserved 1067008K
  class space    used 2876K, capacity 3080K, committed 3120K, reserved 1048576K
}
Event: 6.062 GC heap before
{Heap before GC invocations=6 (full 1):
 PSYoungGen      total 57344K, used 6884K [0x00000000d5580000, 0x00000000dcb80000, 0x0000000100000000)
  eden space 49152K, 0% used [0x00000000d5580000,0x00000000d5580000,0x00000000d8580000)
  from space 8192K, 84% used [0x00000000d8580000,0x00000000d8c39050,0x00000000d8d80000)
  to   space 11264K, 0% used [0x00000000dc080000,0x00000000dc080000,0x00000000dcb80000)
 ParOldGen       total 131072K, used 2880K [0x0000000080000000, 0x0000000088000000, 0x00000000d5580000)
  object space 131072K, 2% used [0x0000000080000000,0x00000000802d03d8,0x0000000088000000)
 Metaspace       used 20594K, capacity 21236K, committed 21296K, reserved 1067008K
  class space    used 2876K, capacity 3080K, committed 3120K, reserved 1048576K
Event: 6.114 GC heap after
Heap after GC invocations=6 (full 1):
 PSYoungGen      total 57344K, used 0K [0x00000000d5580000, 0x00000000dcb80000, 0x0000000100000000)
  eden space 49152K, 0% used [0x00000000d5580000,0x00000000d5580000,0x00000000d8580000)
  from space 8192K, 0% used [0x00000000d8580000,0x00000000d8580000,0x00000000d8d80000)
  to   space 11264K, 0% used [0x00000000dc080000,0x00000000dc080000,0x00000000dcb80000)
 ParOldGen       total 69120K, used 6784K [0x0000000080000000, 0x0000000084380000, 0x00000000d5580000)
  object space 69120K, 9% used [0x0000000080000000,0x00000000806a0368,0x0000000084380000)
 Metaspace       used 20594K, capacity 21236K, committed 21296K, reserved 1067008K
  class space    used 2876K, capacity 3080K, committed 3120K, reserved 1048576K
}
Event: 6.906 GC heap before
{Heap before GC invocations=7 (full 1):
 PSYoungGen      total 57344K, used 49152K [0x00000000d5580000, 0x00000000dcb80000, 0x0000000100000000)
  eden space 49152K, 100% used [0x00000000d5580000,0x00000000d8580000,0x00000000d8580000)
  from space 8192K, 0% used [0x00000000d8580000,0x00000000d8580000,0x00000000d8d80000)
  to   space 11264K, 0% used [0x00000000dc080000,0x00000000dc080000,0x00000000dcb80000)
 ParOldGen       total 69120K, used 6784K [0x0000000080000000, 0x0000000084380000, 0x00000000d5580000)
  object space 69120K, 9% used [0x0000000080000000,0x00000000806a0368,0x0000000084380000)
 Metaspace       used 24827K, capacity 25662K, committed 25776K, reserved 1071104K
  class space    used 3514K, capacity 3747K, committed 3760K, reserved 1048576K
Event: 6.912 GC heap after
Heap after GC invocations=7 (full 1):
 PSYoungGen      total 91648K, used 5273K [0x00000000d5580000, 0x00000000dc600000, 0x0000000100000000)
  eden space 86016K, 0% used [0x00000000d5580000,0x00000000d5580000,0x00000000da980000)
  from space 5632K, 93% used [0x00000000dc080000,0x00000000dc5a6450,0x00000000dc600000)
  to   space 11264K, 0% used [0x00000000db000000,0x00000000db000000,0x00000000dbb00000)
 ParOldGen       total 69120K, used 6792K [0x0000000080000000, 0x0000000084380000, 0x00000000d5580000)
  object space 69120K, 9% used [0x0000000080000000,0x00000000806a2368,0x0000000084380000)
 Metaspace       used 24827K, capacity 25662K, committed 25776K, reserved 1071104K
  class space    used 3514K, capacity 3747K, committed 3760K, reserved 1048576K
}

